Microsoft HTML Help Compiler 4.74.8702

Compiling d:\Servicos\Para o CD RW\Prog\Help\Biblioteca de conhecimentos\Conteudo.chm

Conteudo.htm

Compile time: 0 minutes, 3 seconds
1	Topic
2	Local links
0	Internet links
0	Graphics


Created d:\Servicos\Para o CD RW\Prog\Help\Biblioteca de conhecimentos\Conteudo.chm, 11,513 bytes
Compression increased file by 8,789 bytes.
Microsoft HTML Help Compiler 4.74.8702

Compiling d:\Servicos\Para o CD RW\Prog\Help\Biblioteca de conhecimentos\Conteudo.chm

Conteudo.htm

Compile time: 0 minutes, 2 seconds
1	Topic
2	Local links
0	Internet links
0	Graphics


Created d:\Servicos\Para o CD RW\Prog\Help\Biblioteca de conhecimentos\Conteudo.chm, 11,511 bytes
Compression increased file by 8,787 bytes.
Microsoft HTML Help Compiler 4.74.8702

Compiling d:\Servicos\Para o CD RW\Prog\Help\Biblioteca de conhecimentos\Conteudo.chm

Conteudo.htm

Compile time: 0 minutes, 2 seconds
1	Topic
2	Local links
0	Internet links
0	Graphics


Created d:\Servicos\Para o CD RW\Prog\Help\Biblioteca de conhecimentos\Conteudo.chm, 11,529 bytes
Compression increased file by 8,763 bytes.
